[    2342ms] [INFO] %cDownload the React DevTools for a better development experience: https://react.dev/link/react-devtools font-weight:bold @ webpack-internal:///(app-pages-browser)/./node_modules/.pnpm/next@15.4.10_@opentelemetry+api@1.9.0_react-dom@19.1.0_react@19.1.0__react@19.1.0/node_modules/next/dist/compiled/react-dom/cjs/react-dom-client.development.js:25581
[    2388ms] [WARNING] %c%s%c  ⚠ Unsupported metadata themeColor is configured in metadata export in /. Please move it to viewport export instead.
Read more: https://nextjs.org/docs/app/api-reference/functions/generate-viewport background: #e6e6e6;background: light-dark(rgba(0,0,0,0.1), rgba(255,255,255,0.25));color: #000000;color: light-dark(#000000, #ffffff);border-radius: 2px  Server   @ webpack-internal:///(app-pages-browser)/./node_modules/.pnpm/next@15.4.10_@opentelemetry+api@1.9.0_react-dom@19.1.0_react@19.1.0__react@19.1.0/node_modules/next/dist/compiled/react-server-dom-webpack/cjs/react-server-dom-webpack-client.browser.development.js:3215
[    2750ms] [LOG] %c[Vercel Web Analytics]%c Debug mode is enabled by default in development. No requests will be sent to the server. color: rgb(120, 120, 120) color: inherit @ https://va.vercel-scripts.com/v1/script.debug.js:0
[    2750ms] [LOG] %c[Vercel Web Analytics]%c Running queued event color: rgb(120, 120, 120) color: inherit pageview {route: /, path: /} @ https://va.vercel-scripts.com/v1/script.debug.js:0
[    2750ms] [LOG] %c[Vercel Web Analytics]%c [view] http://localhost:3000/ color: rgb(120, 120, 120) color: inherit {o: http://localhost:3000/, sv: 0.1.3, sdkn: @vercel/analytics/next, sdkv: 2.0.1, ts: 1778424493062} /_vercel/insights/view @ https://va.vercel-scripts.com/v1/script.debug.js:0
[    3155ms] [LOG] [Fast Refresh] rebuilding @ webpack-internal:///(app-pages-browser)/./node_modules/.pnpm/next@15.4.10_@opentelemetry+api@1.9.0_react-dom@19.1.0_react@19.1.0__react@19.1.0/node_modules/next/dist/client/dev/hot-reloader/app/hot-reloader-app.js:196
[    3798ms] [ERROR] Failed to load resource: the server responded with a status of 401 (Unauthorized) @ http://localhost:3000/api/auth/me:0
[    3803ms] [LOG] [Fast Refresh] done in 648ms @ webpack-internal:///(app-pages-browser)/./node_modules/.pnpm/next@15.4.10_@opentelemetry+api@1.9.0_react-dom@19.1.0_react@19.1.0__react@19.1.0/node_modules/next/dist/client/dev/report-hmr-latency.js:13
[    3848ms] [WARNING] %c%s%c  ⚠ Unsupported metadata themeColor is configured in metadata export in /. Please move it to viewport export instead.
Read more: https://nextjs.org/docs/app/api-reference/functions/generate-viewport background: #e6e6e6;background: light-dark(rgba(0,0,0,0.1), rgba(255,255,255,0.25));color: #000000;color: light-dark(#000000, #ffffff);border-radius: 2px  Server   @ webpack-internal:///(app-pages-browser)/./node_modules/.pnpm/next@15.4.10_@opentelemetry+api@1.9.0_react-dom@19.1.0_react@19.1.0__react@19.1.0/node_modules/next/dist/compiled/react-server-dom-webpack/cjs/react-server-dom-webpack-client.browser.development.js:3215
[    3884ms] [LOG] [Fast Refresh] rebuilding @ webpack-internal:///(app-pages-browser)/./node_modules/.pnpm/next@15.4.10_@opentelemetry+api@1.9.0_react-dom@19.1.0_react@19.1.0__react@19.1.0/node_modules/next/dist/client/dev/hot-reloader/app/hot-reloader-app.js:196
[    5096ms] [INFO] %cDownload the React DevTools for a better development experience: https://react.dev/link/react-devtools font-weight:bold @ webpack-internal:///(app-pages-browser)/./node_modules/.pnpm/next@15.4.10_@opentelemetry+api@1.9.0_react-dom@19.1.0_react@19.1.0__react@19.1.0/node_modules/next/dist/compiled/react-dom/cjs/react-dom-client.development.js:25581
[    5154ms] [WARNING] %c%s%c  ⚠ Unsupported metadata themeColor is configured in metadata export in /login. Please move it to viewport export instead.
Read more: https://nextjs.org/docs/app/api-reference/functions/generate-viewport background: #e6e6e6;background: light-dark(rgba(0,0,0,0.1), rgba(255,255,255,0.25));color: #000000;color: light-dark(#000000, #ffffff);border-radius: 2px  Server   @ webpack-internal:///(app-pages-browser)/./node_modules/.pnpm/next@15.4.10_@opentelemetry+api@1.9.0_react-dom@19.1.0_react@19.1.0__react@19.1.0/node_modules/next/dist/compiled/react-server-dom-webpack/cjs/react-server-dom-webpack-client.browser.development.js:3215
[    5232ms] [LOG] %c[Vercel Web Analytics]%c Debug mode is enabled by default in development. No requests will be sent to the server. color: rgb(120, 120, 120) color: inherit @ https://va.vercel-scripts.com/v1/script.debug.js:0
[    5232ms] [LOG] %c[Vercel Web Analytics]%c Running queued event color: rgb(120, 120, 120) color: inherit pageview {route: /login, path: /login} @ https://va.vercel-scripts.com/v1/script.debug.js:0
[    5232ms] [LOG] %c[Vercel Web Analytics]%c [view] http://localhost:3000/login color: rgb(120, 120, 120) color: inherit {o: http://localhost:3000/login, sv: 0.1.3, sdkn: @vercel/analytics/next, sdkv: 2.0.1, ts: 1778424495543} /_vercel/insights/view @ https://va.vercel-scripts.com/v1/script.debug.js:0
[    5277ms] [ERROR] Failed to load resource: the server responded with a status of 401 (Unauthorized) @ http://localhost:3000/api/auth/me:0
[    5390ms] [VERBOSE] [DOM] Input elements should have autocomplete attributes (suggested: "current-password"): (More info: https://goo.gl/9p2vKq) %o @ http://localhost:3000/login:0
[   12048ms] [LOG] [Fast Refresh] rebuilding @ webpack-internal:///(app-pages-browser)/./node_modules/.pnpm/next@15.4.10_@opentelemetry+api@1.9.0_react-dom@19.1.0_react@19.1.0__react@19.1.0/node_modules/next/dist/client/dev/hot-reloader/app/hot-reloader-app.js:196
[   12346ms] [LOG] [Fast Refresh] done in 298ms @ webpack-internal:///(app-pages-browser)/./node_modules/.pnpm/next@15.4.10_@opentelemetry+api@1.9.0_react-dom@19.1.0_react@19.1.0__react@19.1.0/node_modules/next/dist/client/dev/report-hmr-latency.js:13
[   13003ms] [WARNING] %c%s%c  ⚠ Unsupported metadata themeColor is configured in metadata export in /. Please move it to viewport export instead.
Read more: https://nextjs.org/docs/app/api-reference/functions/generate-viewport background: #e6e6e6;background: light-dark(rgba(0,0,0,0.1), rgba(255,255,255,0.25));color: #000000;color: light-dark(#000000, #ffffff);border-radius: 2px  Server   @ webpack-internal:///(app-pages-browser)/./node_modules/.pnpm/next@15.4.10_@opentelemetry+api@1.9.0_react-dom@19.1.0_react@19.1.0__react@19.1.0/node_modules/next/dist/compiled/react-server-dom-webpack/cjs/react-server-dom-webpack-client.browser.development.js:3215
[   13073ms] [LOG] %c[Vercel Web Analytics]%c [view] http://localhost:3000/ color: rgb(120, 120, 120) color: inherit {o: http://localhost:3000/, sv: 0.1.3, sdkn: @vercel/analytics/next, sdkv: 2.0.1, ts: 1778424503381} /_vercel/insights/view @ https://va.vercel-scripts.com/v1/script.debug.js:0
[   13120ms] [LOG] [Fast Refresh] rebuilding @ webpack-internal:///(app-pages-browser)/./node_modules/.pnpm/next@15.4.10_@opentelemetry+api@1.9.0_react-dom@19.1.0_react@19.1.0__react@19.1.0/node_modules/next/dist/client/dev/hot-reloader/app/hot-reloader-app.js:196
[   13255ms] [LOG] [Fast Refresh] done in 136ms @ webpack-internal:///(app-pages-browser)/./node_modules/.pnpm/next@15.4.10_@opentelemetry+api@1.9.0_react-dom@19.1.0_react@19.1.0__react@19.1.0/node_modules/next/dist/client/dev/report-hmr-latency.js:13
[   13294ms] [LOG] [Fast Refresh] rebuilding @ webpack-internal:///(app-pages-browser)/./node_modules/.pnpm/next@15.4.10_@opentelemetry+api@1.9.0_react-dom@19.1.0_react@19.1.0__react@19.1.0/node_modules/next/dist/client/dev/hot-reloader/app/hot-reloader-app.js:196
[   13470ms] [LOG] [Fast Refresh] done in 175ms @ webpack-internal:///(app-pages-browser)/./node_modules/.pnpm/next@15.4.10_@opentelemetry+api@1.9.0_react-dom@19.1.0_react@19.1.0__react@19.1.0/node_modules/next/dist/client/dev/report-hmr-latency.js:13
[   67842ms] [LOG] [Fast Refresh] rebuilding @ webpack-internal:///(app-pages-browser)/./node_modules/.pnpm/next@15.4.10_@opentelemetry+api@1.9.0_react-dom@19.1.0_react@19.1.0__react@19.1.0/node_modules/next/dist/client/dev/hot-reloader/app/hot-reloader-app.js:196
[   68148ms] [LOG] [Fast Refresh] done in 306ms @ webpack-internal:///(app-pages-browser)/./node_modules/.pnpm/next@15.4.10_@opentelemetry+api@1.9.0_react-dom@19.1.0_react@19.1.0__react@19.1.0/node_modules/next/dist/client/dev/report-hmr-latency.js:13
[   99828ms] [LOG] [Fast Refresh] rebuilding @ webpack-internal:///(app-pages-browser)/./node_modules/.pnpm/next@15.4.10_@opentelemetry+api@1.9.0_react-dom@19.1.0_react@19.1.0__react@19.1.0/node_modules/next/dist/client/dev/hot-reloader/app/hot-reloader-app.js:196
[  100165ms] [LOG] [Fast Refresh] done in 337ms @ webpack-internal:///(app-pages-browser)/./node_modules/.pnpm/next@15.4.10_@opentelemetry+api@1.9.0_react-dom@19.1.0_react@19.1.0__react@19.1.0/node_modules/next/dist/client/dev/report-hmr-latency.js:13
[  101005ms] [LOG] [Fast Refresh] rebuilding @ webpack-internal:///(app-pages-browser)/./node_modules/.pnpm/next@15.4.10_@opentelemetry+api@1.9.0_react-dom@19.1.0_react@19.1.0__react@19.1.0/node_modules/next/dist/client/dev/hot-reloader/app/hot-reloader-app.js:196
[  101123ms] [LOG] [Fast Refresh] done in 118ms @ webpack-internal:///(app-pages-browser)/./node_modules/.pnpm/next@15.4.10_@opentelemetry+api@1.9.0_react-dom@19.1.0_react@19.1.0__react@19.1.0/node_modules/next/dist/client/dev/report-hmr-latency.js:13
